<?xml version="1.0" encoding="UTF-8"?>
<!-- Generated by org.testng.reporters.JUnitXMLReporter -->
<testsuite hostname="PCDEFRAPC0MAB1H" ignored="0" name="Surefire test" tests="3" failures="0" timestamp="2020-10-24T23:10:51 MESZ" time="31.347" errors="0">
  <testcase name="googleToWiki" time="2.703" classname="Kollex.Automation.GooglePageTest"/>
  <testcase name="searchGigaBerlin" time="4.131" classname="Kollex.Automation.WikipageTest"/>
  <testcase name="getGigaBerlinData" time="11.015" classname="Kollex.Automation.WikipageTest"/>
</testsuite> <!-- Surefire test -->
