<?xml version="1.0" encoding="UTF-8"?>
<!-- Generated by org.testng.reporters.JUnitXMLReporter -->
<testsuite hostname="PCDEFRAPC0MAB1H" ignored="0" name="ChromeTest" tests="3" failures="0" timestamp="2020-10-24T18:53:10 MESZ" time="46.18" errors="0">
  <testcase name="googleToWiki" time="4.876" classname="Kollex.Automation.GooglePageTest"/>
  <testcase name="searchGigaBerlin" time="7.922" classname="Kollex.Automation.WikipageTest"/>
  <testcase name="getGigaBerlinData" time="18.884" classname="Kollex.Automation.WikipageTest"/>
</testsuite> <!-- ChromeTest -->
