<?xml version="1.0" encoding="UTF-8"?>
<!-- Generated by org.testng.reporters.JUnitXMLReporter -->
<testsuite hostname="PCDEFRAPC0MAB1H" ignored="0" name="ChromeTest" tests="3" failures="0" timestamp="2020-10-24T13:52:30 MESZ" time="42.054" errors="0">
  <testcase name="googleToWiki" time="3.666" classname="Kollex.Automation.GooglePageTest"/>
  <testcase name="getGigaBerlinData" time="17.04" classname="Kollex.Automation.WikipageTest"/>
  <testcase name="searchGigaBerlin" time="7.063" classname="Kollex.Automation.WikipageTest"/>
</testsuite> <!-- ChromeTest -->
