<?xml version="1.0" encoding="UTF-8"?>
<!-- Generated by org.testng.reporters.JUnitXMLReporter -->
<testsuite hostname="PCDEFRAPC0MAB1H" ignored="0" name="FirefoxTest" tests="3" failures="0" timestamp="2020-10-24T13:52:55 MESZ" time="25.701" errors="0">
  <testcase name="googleToWiki" time="1.035" classname="Kollex.Automation.GooglePageTest"/>
  <testcase name="getGigaBerlinData" time="8.378" classname="Kollex.Automation.WikipageTest"/>
  <testcase name="searchGigaBerlin" time="2.963" classname="Kollex.Automation.WikipageTest"/>
</testsuite> <!-- FirefoxTest -->
