<?xml version="1.0" encoding="UTF-8"?>
<!-- Generated by org.testng.reporters.JUnitXMLReporter -->
<testsuite hostname="PCDEFRAPC0MAB1H" ignored="0" name="FirefoxTest" tests="3" failures="0" timestamp="2020-10-24T18:53:38 MESZ" time="27.135" errors="0">
  <testcase name="googleToWiki" time="1.507" classname="Kollex.Automation.GooglePageTest"/>
  <testcase name="searchGigaBerlin" time="3.357" classname="Kollex.Automation.WikipageTest"/>
  <testcase name="getGigaBerlinData" time="9.035" classname="Kollex.Automation.WikipageTest"/>
</testsuite> <!-- FirefoxTest -->
