<?xml version="1.0" encoding="UTF-8"?>
<testng-results skipped="0" failed="0" ignored="0" total="1" passed="1">
  <reporter-output>
  </reporter-output>
  <suite name="Surefire suite" duration-ms="71" started-at="2020-10-24T14:31:28 MESZ" finished-at="2020-10-24T14:31:28 MESZ">
    <groups>
    </groups>
    <test name="Surefire test" duration-ms="71" started-at="2020-10-24T14:31:28 MESZ" finished-at="2020-10-24T14:31:28 MESZ">
      <class name="Kollex.Automation.AppTest">
        <test-method status="PASS" signature="shouldAnswerWithTrue()" name="shouldAnswerWithTrue" duration-ms="16" started-at="2020-10-24T14:31:28 MESZ" finished-at="2020-10-24T14:31:28 MESZ">
          <reporter-output>
          </reporter-output>
        </test-method> <!-- shouldAnswerWithTrue -->
      </class> <!-- Kollex.Automation.AppTest -->
    </test> <!-- Surefire test -->
  </suite> <!-- Surefire suite -->
</testng-results>
