<?xml version="1.0" encoding="UTF-8"?>
<testng-results skipped="0" failed="0" ignored="0" total="3" passed="3">
  <reporter-output>
  </reporter-output>
  <suite name="Surefire suite" duration-ms="28843" started-at="2020-10-24T14:30:59 MESZ" finished-at="2020-10-24T14:31:28 MESZ">
    <groups>
    </groups>
    <test name="Surefire test" duration-ms="28843" started-at="2020-10-24T14:30:59 MESZ" finished-at="2020-10-24T14:31:28 MESZ">
      <class name="Kollex.Automation.GooglePageTest">
        <test-method status="PASS" signature="setUp(java.lang.String)[pri:0, instance:Kollex.Automation.GooglePageTest@7494e528]" name="setUp" is-config="true" duration-ms="5140" started-at="2020-10-24T14:30:59 MESZ" finished-at="2020-10-24T14:31:05 MESZ">
          <params>
            <param index="0">
              <value>
                <![CDATA[chrome]]>
              </value>
            </param>
          </params>
          <reporter-output>
          </reporter-output>
        </test-method> <!-- setUp -->
        <test-method status="PASS" signature="googleToWiki()[pri:0, instance:Kollex.Automation.GooglePageTest@7494e528]" name="googleToWiki" duration-ms="1794" started-at="2020-10-24T14:31:05 MESZ" finished-at="2020-10-24T14:31:06 MESZ">
          <reporter-output>
          </reporter-output>
        </test-method> <!-- googleToWiki -->
        <test-method status="PASS" signature="tearDown()[pri:0, instance:Kollex.Automation.GooglePageTest@7494e528]" name="tearDown" is-config="true" duration-ms="618" started-at="2020-10-24T14:31:06 MESZ" finished-at="2020-10-24T14:31:07 MESZ">
          <reporter-output>
          </reporter-output>
        </test-method> <!-- tearDown -->
      </class> <!-- Kollex.Automation.GooglePageTest -->
      <class name="Kollex.Automation.WikipageTest">
        <test-method status="PASS" signature="setUp(java.lang.String)[pri:0, instance:Kollex.Automation.WikipageTest@4bbfb90a]" name="setUp" is-config="true" duration-ms="3099" started-at="2020-10-24T14:31:07 MESZ" finished-at="2020-10-24T14:31:10 MESZ">
          <params>
            <param index="0">
              <value>
                <![CDATA[chrome]]>
              </value>
            </param>
          </params>
          <reporter-output>
          </reporter-output>
        </test-method> <!-- setUp -->
        <test-method status="PASS" signature="getGigaBerlinData()[pri:0, instance:Kollex.Automation.WikipageTest@4bbfb90a]" name="getGigaBerlinData" duration-ms="10283" started-at="2020-10-24T14:31:10 MESZ" finished-at="2020-10-24T14:31:20 MESZ">
          <reporter-output>
          </reporter-output>
        </test-method> <!-- getGigaBerlinData -->
        <test-method status="PASS" signature="tearDown()[pri:0, instance:Kollex.Automation.WikipageTest@4bbfb90a]" name="tearDown" is-config="true" duration-ms="651" started-at="2020-10-24T14:31:20 MESZ" finished-at="2020-10-24T14:31:21 MESZ">
          <reporter-output>
          </reporter-output>
        </test-method> <!-- tearDown -->
        <test-method status="PASS" signature="setUp(java.lang.String)[pri:0, instance:Kollex.Automation.WikipageTest@4bbfb90a]" name="setUp" is-config="true" duration-ms="3133" started-at="2020-10-24T14:31:21 MESZ" finished-at="2020-10-24T14:31:24 MESZ">
          <params>
            <param index="0">
              <value>
                <![CDATA[chrome]]>
              </value>
            </param>
          </params>
          <reporter-output>
          </reporter-output>
        </test-method> <!-- setUp -->
        <test-method status="PASS" signature="searchGigaBerlin()[pri:0, instance:Kollex.Automation.WikipageTest@4bbfb90a]" name="searchGigaBerlin" duration-ms="3465" started-at="2020-10-24T14:31:24 MESZ" finished-at="2020-10-24T14:31:28 MESZ">
          <reporter-output>
          </reporter-output>
        </test-method> <!-- searchGigaBerlin -->
        <test-method status="PASS" signature="tearDown()[pri:0, instance:Kollex.Automation.WikipageTest@4bbfb90a]" name="tearDown" is-config="true" duration-ms="625" started-at="2020-10-24T14:31:28 MESZ" finished-at="2020-10-24T14:31:28 MESZ">
          <reporter-output>
          </reporter-output>
        </test-method> <!-- tearDown -->
      </class> <!-- Kollex.Automation.WikipageTest -->
    </test> <!-- Surefire test -->
  </suite> <!-- Surefire suite -->
</testng-results>
