<?xml version="1.0" encoding="UTF-8"?>
<!-- Generated by org.testng.reporters.JUnitXMLReporter -->
<testsuite hostname="PCDEFRAPC0MAB1H" ignored="0" name="Surefire test" tests="3" failures="0" timestamp="2020-10-24T14:31:28 MESZ" time="28.843" errors="0">
  <testcase name="googleToWiki" time="1.794" classname="Kollex.Automation.GooglePageTest"/>
  <testcase name="getGigaBerlinData" time="10.283" classname="Kollex.Automation.WikipageTest"/>
  <testcase name="searchGigaBerlin" time="3.465" classname="Kollex.Automation.WikipageTest"/>
</testsuite> <!-- Surefire test -->
