<?xml version="1.0" encoding="UTF-8"?>
<testsuite xmlns:xsi="http://www.w3.org/2001/XMLSchema-instance" xsi:noNamespaceSchemaLocation="https://maven.apache.org/surefire/maven-surefire-plugin/xsd/surefire-test-report.xsd" name="TestSuite" time="31.908" tests="3" errors="0" skipped="0" failures="0">
  <properties>
[...]
</properties>
  <testcase name="googleToWiki" classname="Kollex.Automation.GooglePageTest" time="1.975"/>
  <testcase name="getGigaBerlinData" classname="Kollex.Automation.WikipageTest" time="8.698"/>
  <testcase name="searchGigaBerlin" classname="Kollex.Automation.WikipageTest" time="3.293"/>
</testsuite>